Hello World!
Welcome to Ethereum POC!
CookieSpec selected: default
Auth cache not set in the context
Connection request: [route: {}->http://localhost:8545][total kept alive: 0; route allocated: 0 of 2; total allocated: 0 of 20]
Connection leased: [id: 0][route: {}->http://localhost:8545][total kept alive: 0; route allocated: 1 of 2; total allocated: 1 of 20]
Opening connection {}->http://localhost:8545
Connecting to localhost/127.0.0.1:8545
Connect to localhost/127.0.0.1:8545 timed out. Connection will be retried using another IP address
Connecting to localhost/0:0:0:0:0:0:0:1:8545
http-outgoing-0: Shutdown connection
Connection discarded
Connection released: [id: 0][route: {}->http://localhost:8545][total kept alive: 0; route allocated: 0 of 2; total allocated: 0 of 20]
java.util.concurrent.ExecutionException: org.apache.http.conn.HttpHostConnectException: Connect to localhost:8545 [localhost/127.0.0.1, localhost/0:0:0:0:0:0:0:1] failed: Connection refused: connect
Welcome to Ethereum POC!
CookieSpec selected: default
Auth cache not set in the context
Connection request: [route: {}->http://localhost:8545][total kept alive: 0; route allocated: 0 of 2; total allocated: 0 of 20]
Connection leased: [id: 0][route: {}->http://localhost:8545][total kept alive: 0; route allocated: 1 of 2; total allocated: 1 of 20]
Opening connection {}->http://localhost:8545
Connecting to localhost/127.0.0.1:8545
Connection established 127.0.0.1:55238<->127.0.0.1:8545
Executing request POST / HTTP/1.1
Target auth state: UNCHALLENGED
Proxy auth state: UNCHALLENGED
http-outgoing-0 >> POST / HTTP/1.1
http-outgoing-0 >> Content-Type: application/json; charset=UTF-8
http-outgoing-0 >> Content-Length: 66
http-outgoing-0 >> Host: localhost:8545
http-outgoing-0 >> Connection: Keep-Alive
http-outgoing-0 >> User-Agent: Apache-HttpClient/4.5.2 (Java/1.8.0_60)
http-outgoing-0 >> Accept-Encoding: gzip,deflate
http-outgoing-0 >> "POST / HTTP/1.1[\r][\n]"
http-outgoing-0 >> "Content-Type: application/json; charset=UTF-8[\r][\n]"
http-outgoing-0 >> "Content-Length: 66[\r][\n]"
http-outgoing-0 >> "Host: localhost:8545[\r][\n]"
http-outgoing-0 >> "Connection: Keep-Alive[\r][\n]"
http-outgoing-0 >> "User-Agent: Apache-HttpClient/4.5.2 (Java/1.8.0_60)[\r][\n]"
http-outgoing-0 >> "Accept-Encoding: gzip,deflate[\r][\n]"
http-outgoing-0 >> "[\r][\n]"
http-outgoing-0 >> "{"jsonrpc":"2.0","method":"web3_clientVersion","params":[],"id":1}"
http-outgoing-0 << "HTTP/1.1 200 OK[\r][\n]"
http-outgoing-0 << "Content-Type: application/json[\r][\n]"
http-outgoing-0 << "Vary: Origin[\r][\n]"
http-outgoing-0 << "Date: Wed, 08 Mar 2017 07:00:56 GMT[\r][\n]"
http-outgoing-0 << "Content-Length: 71[\r][\n]"
http-outgoing-0 << "[\r][\n]"
http-outgoing-0 << "{"jsonrpc":"2.0","id":1,"result":"Geth/v1.5.9-stable/windows/go1.7.4"}[\n]"
http-outgoing-0 << HTTP/1.1 200 OK
http-outgoing-0 << Content-Type: application/json
http-outgoing-0 << Vary: Origin
http-outgoing-0 << Date: Wed, 08 Mar 2017 07:00:56 GMT
http-outgoing-0 << Content-Length: 71
Connection can be kept alive indefinitely
Connection [id: 0][route: {}->http://localhost:8545] can be kept alive indefinitely
Connection released: [id: 0][route: {}->http://localhost:8545][total kept alive: 1; route allocated: 1 of 2; total allocated: 1 of 20]
